TN:
SF:math.js
FN:1,add
FN:5,subtract
FNF:2
FNH:2
FNDA:1,add
FNDA:1,subtract
DA:2,1
DA:6,1
LF:2
LH:2
BRF:0
BRH:0
end_of_record
TN:
SF:server.js
FN:34,(anonymous_0)
FN:40,(anonymous_1)
FNF:2
FNH:1
FNDA:1,(anonymous_0)
FNDA:0,(anonymous_1)
DA:25,2
DA:26,2
DA:27,2
DA:29,2
DA:31,2
DA:32,2
DA:34,2
DA:35,1
DA:38,2
DA:39,2
DA:40,0
DA:41,0
LF:12
LH:10
BRDA:29,0,0,2
BRDA:29,0,1,0
BRDA:39,1,0,0
BRDA:39,1,1,2
BRF:4
BRH:2
end_of_record
TN:
SF:src\index.js
FNF:0
FNH:0
DA:3,2
LF:1
LH:1
BRF:0
BRH:0
end_of_record
TN:
SF:src\config\db.js
FN:3,(anonymous_0)
FNF:1
FNH:1
FNDA:2,(anonymous_0)
DA:2,2
DA:3,2
DA:4,2
DA:5,2
DA:6,2
DA:8,0
LF:6
LH:5
BRF:0
BRH:0
end_of_record
TN:
SF:src\controllers\taskController.js
FN:6,(anonymous_0)
FN:27,(anonymous_1)
FN:38,(anonymous_2)
FN:94,(anonymous_3)
FN:103,(anonymous_4)
FN:148,(anonymous_5)
FNF:6
FNH:2
FNDA:2,(anonymous_0)
FNDA:0,(anonymous_1)
FNDA:0,(anonymous_2)
FNDA:0,(anonymous_3)
FNDA:1,(anonymous_4)
FNDA:0,(anonymous_5)
DA:6,2
DA:7,2
DA:9,2
DA:10,2
DA:17,2
DA:18,2
DA:23,0
DA:27,2
DA:28,0
DA:30,0
DA:31,0
DA:32,0
DA:34,0
DA:38,2
DA:39,0
DA:40,0
DA:44,0
DA:46,0
DA:47,0
DA:49,0
DA:50,0
DA:54,0
DA:55,0
DA:56,0
DA:60,0
DA:67,0
DA:70,0
DA:76,0
DA:77,0
DA:78,0
DA:83,0
DA:84,0
DA:85,0
DA:90,0
DA:94,2
DA:95,0
DA:96,0
DA:97,0
DA:99,0
DA:103,2
DA:104,1
DA:105,1
DA:106,1
DA:108,1
DA:109,1
DA:110,1
DA:111,1
DA:112,0
DA:117,1
DA:118,0
DA:119,0
DA:125,1
DA:126,1
DA:127,0
DA:128,0
DA:129,0
DA:134,1
DA:135,1
DA:136,1
DA:141,0
DA:142,0
DA:148,2
DA:149,0
DA:151,0
DA:152,0
DA:153,0
DA:154,0
DA:158,0
DA:161,0
DA:162,0
DA:166,0
DA:167,0
DA:172,0
DA:174,0
LF:74
LH:24
BRDA:49,0,0,0
BRDA:49,0,1,0
BRDA:55,1,0,0
BRDA:55,1,1,0
BRDA:55,2,0,0
BRDA:55,2,1,0
BRDA:64,3,0,0
BRDA:64,3,1,0
BRDA:111,4,0,0
BRDA:111,4,1,1
BRDA:117,5,0,0
BRDA:117,5,1,1
BRDA:117,6,0,1
BRDA:117,6,1,1
BRDA:126,7,0,0
BRDA:126,7,1,1
BRDA:126,8,0,1
BRDA:126,8,1,1
BRDA:153,9,0,0
BRDA:153,9,1,0
BRDA:161,10,0,0
BRDA:161,10,1,0
BRDA:161,11,0,0
BRDA:161,11,1,0
BRF:24
BRH:7
end_of_record
TN:
SF:src\controllers\userController.js
FN:5,(anonymous_0)
FN:40,(anonymous_1)
FNF:2
FNH:2
FNDA:5,(anonymous_0)
FNDA:2,(anonymous_1)
DA:5,2
DA:6,5
DA:7,5
DA:9,5
DA:10,0
DA:13,5
DA:14,5
DA:15,3
DA:19,2
DA:21,2
DA:28,2
DA:29,2
DA:34,0
DA:40,2
DA:41,2
DA:42,2
DA:44,2
DA:45,0
DA:48,2
DA:49,2
DA:50,0
DA:53,2
DA:54,2
DA:55,0
DA:58,2
DA:64,2
DA:74,0
DA:75,0
LF:28
LH:21
BRDA:9,0,0,0
BRDA:9,0,1,5
BRDA:9,1,0,5
BRDA:9,1,1,5
BRDA:9,1,2,5
BRDA:14,2,0,3
BRDA:14,2,1,2
BRDA:25,3,0,2
BRDA:25,3,1,2
BRDA:44,4,0,0
BRDA:44,4,1,2
BRDA:44,5,0,2
BRDA:44,5,1,2
BRDA:49,6,0,0
BRDA:49,6,1,2
BRDA:54,7,0,0
BRDA:54,7,1,2
BRF:17
BRH:13
end_of_record
TN:
SF:src\middilware\authMiddilware.js
FN:3,(anonymous_0)
FNF:1
FNH:1
FNDA:4,(anonymous_0)
DA:3,2
DA:4,4
DA:7,4
DA:8,1
DA:11,3
DA:12,3
DA:13,3
DA:14,3
DA:16,0
LF:9
LH:8
BRDA:7,0,0,1
BRDA:7,0,1,3
BRF:2
BRH:2
end_of_record
TN:
SF:src\middilware\roleMiddilware.js
FN:1,(anonymous_0)
FNF:1
FNH:1
FNDA:3,(anonymous_0)
DA:1,3
DA:2,3
DA:3,1
DA:5,2
LF:4
LH:4
BRDA:2,0,0,1
BRDA:2,0,1,2
BRDA:2,1,0,3
BRDA:2,1,1,2
BRF:4
BRH:4
end_of_record
TN:
SF:src\models\task.js
FNF:0
FNH:0
DA:3,2
DA:34,2
DA:36,2
LF:3
LH:3
BRF:0
BRH:0
end_of_record
TN:
SF:src\models\user.js
FNF:0
FNH:0
DA:3,2
DA:48,2
DA:49,2
LF:3
LH:3
BRF:0
BRH:0
end_of_record
TN:
SF:src\routes\taskRoutes.js
FNF:0
FNH:0
DA:6,2
DA:8,2
DA:9,2
DA:10,2
DA:11,2
DA:12,2
DA:13,2
LF:7
LH:7
BRF:0
BRH:0
end_of_record
TN:
SF:src\routes\userRoutes.js
FNF:0
FNH:0
DA:4,2
DA:6,2
DA:7,2
LF:3
LH:3
BRF:0
BRH:0
end_of_record
